2024-12-22 00:31:16,152 [INFO] Не удалось подключиться к серверу.
2024-12-22 00:49:44,099 [INFO] Подключено к серверу.
2024-12-22 00:49:44,103 [INFO] Введите ваше имя:
2024-12-22 00:49:48,045 [INFO] Отправлено сообщение: user1
2024-12-22 00:49:48,047 [INFO] Ваше имя - user1
2024-12-22 00:49:48,047 [INFO] Вы присоединились к комнате: main
2024-12-22 00:49:48,047 [INFO] Введите команду /help для просмотра команд.
2024-12-22 00:50:17,625 [INFO] Отправлено сообщение: /users
2024-12-22 00:50:17,628 [INFO] Список пользователей: user1
2024-12-22 00:50:20,372 [INFO] Отправлено сообщение: /listrooms
2024-12-22 00:50:20,374 [INFO] Доступные комнаты: main
2024-12-22 00:50:24,226 [INFO] Отправлено сообщение: /leave
2024-12-22 00:50:24,227 [INFO] Вы покинули комнату: main
2024-12-23 09:10:25,229 [INFO] Подключено к серверу.
2024-12-23 09:10:25,229 [INFO] Введите ваше имя:
2024-12-23 09:10:36,845 [INFO] Получен сигнал завершения. Закрытие клиента...
2024-12-23 09:10:36,847 [INFO] Сервер закрыл соединение.
2024-12-23 09:10:36,847 [INFO] Соединение закрыто.
2024-12-23 09:10:37,858 [INFO] Получен сигнал завершения. Закрытие клиента...
2024-12-23 09:10:37,858 [INFO] Соединение закрыто.
2024-12-23 09:11:00,374 [INFO] Подключено к серверу.
2024-12-23 09:11:00,377 [INFO] Введите ваше имя:
2024-12-23 09:11:12,211 [INFO] Отправлено сообщение: user1
2024-12-23 09:11:12,212 [INFO] Ваше имя - user1
2024-12-23 09:11:12,212 [INFO] Вы присоединились к комнате: main
2024-12-23 09:11:22,119 [INFO] Подключено к серверу.
2024-12-23 09:11:22,120 [INFO] Введите ваше имя:
2024-12-23 09:11:30,915 [INFO] Отправлено сообщение: user2
2024-12-23 09:11:30,915 [INFO] Ваше имя - user2
2024-12-23 09:11:30,915 [INFO] Вы присоединились к комнате: main
2024-12-23 09:12:24,625 [INFO] Отправлено сообщение: /create myroom
2024-12-23 09:12:24,626 [INFO] Комната 'myroom' создана.
2024-12-23 09:12:41,933 [INFO] Отправлено сообщение: /join myroom
2024-12-23 09:12:41,934 [INFO] Вы присоединились к комнате: myroom
2024-12-23 09:13:46,315 [INFO] Отправлено сообщение: /join myroom
2024-12-23 09:13:46,317 [INFO] Вы присоединились к комнате: myroom
2024-12-23 09:13:53,047 [INFO] Вы: Hi, user2! I'm user1
2024-12-23 09:13:53,048 [INFO] Отправлено сообщение: Hi, user2! I'm user1
2024-12-23 09:13:53,051 [INFO] user1: Hi, user2! I'm user1
2024-12-23 09:14:12,032 [INFO] Вы: Hello!
2024-12-23 09:14:12,033 [INFO] Отправлено сообщение: Hello!
2024-12-23 09:14:12,034 [INFO] user2: Hello!
2024-12-23 09:14:39,849 [INFO] Отправлено сообщение: /listrooms
2024-12-23 09:14:39,851 [INFO] Доступные комнаты: myroom
2024-12-23 09:14:50,519 [INFO] Получен сигнал завершения. Закрытие клиента...
2024-12-23 09:14:50,519 [INFO] Сервер закрыл соединение.
2024-12-23 09:14:50,520 [INFO] Соединение закрыто.
2024-12-23 09:14:52,134 [INFO] Получен сигнал завершения. Закрытие клиента...
2024-12-23 09:14:52,136 [INFO] Сервер закрыл соединение.
2024-12-23 09:14:52,136 [INFO] Соединение закрыто.
